<?xml version="1.0" encoding="UTF-8"?>
<testsuite name="dungeonmania.TestMotion" tests="2" skipped="0" failures="0" errors="0" timestamp="2021-11-14T06:33:20" hostname="vx8" time="0.167">
  <properties/>
  <testcase name="testDoorPortal()" classname="dungeonmania.TestMotion" time="0.052"/>
  <testcase name="reverse()" classname="dungeonmania.TestMotion" time="0.113"/>
  <system-out><![CDATA[]]></system-out>
  <system-err><![CDATA[]]></system-err>
</testsuite>
