<?xml version="1.0" encoding="UTF-8"?>
<testsuite name="dungeonmania.MiscTest" tests="1" skipped="0" failures="0" errors="0" timestamp="2021-11-14T06:33:20" hostname="vx8" time="0.016">
  <properties/>
  <testcase name="testDungeons()" classname="dungeonmania.MiscTest" time="0.016"/>
  <system-out><![CDATA[]]></system-out>
  <system-err><![CDATA[]]></system-err>
</testsuite>
