<?xml version="1.0" encoding="UTF-8"?>
<testsuite name="dungeonmania.PrimsTest" tests="3" skipped="0" failures="0" errors="0" timestamp="2021-11-12T08:42:13" hostname="DESKTOP-6SB42GV" time="17.775">
  <properties/>
  <testcase name="testGenerate()" classname="dungeonmania.PrimsTest" time="0.076"/>
  <testcase name="testCompleteGame()" classname="dungeonmania.PrimsTest" time="16.279"/>
  <testcase name="moreTestCompletions()" classname="dungeonmania.PrimsTest" time="1.419"/>
  <system-out><![CDATA[]]></system-out>
  <system-err><![CDATA[]]></system-err>
</testsuite>
