<?xml version="1.0" encoding="UTF-8"?>
<testsuite name="dungeonmania.PrimsTest" tests="3" skipped="0" failures="0" errors="0" timestamp="2021-11-14T06:32:01" hostname="vx8" time="79.346">
  <properties/>
  <testcase name="testGenerate()" classname="dungeonmania.PrimsTest" time="0.589"/>
  <testcase name="testCompleteGame()" classname="dungeonmania.PrimsTest" time="40.351"/>
  <testcase name="moreTestCompletions()" classname="dungeonmania.PrimsTest" time="38.4"/>
  <system-out><![CDATA[]]></system-out>
  <system-err><![CDATA[]]></system-err>
</testsuite>
