<?xml version="1.0" encoding="UTF-8"?>
<testsuite name="dungeonmania.GoalTest" tests="8" skipped="0" failures="0" errors="0" timestamp="2021-11-12T08:42:06" hostname="DESKTOP-6SB42GV" time="0.129">
  <properties/>
  <testcase name="MercenaryGoal()" classname="dungeonmania.GoalTest" time="0.012"/>
  <testcase name="testGoalComposition1()" classname="dungeonmania.GoalTest" time="0.006"/>
  <testcase name="testGoalComposition2()" classname="dungeonmania.GoalTest" time="0.01"/>
  <testcase name="testExitLast()" classname="dungeonmania.GoalTest" time="0.008"/>
  <testcase name="testEnemy()" classname="dungeonmania.GoalTest" time="0.05"/>
  <testcase name="testExit()" classname="dungeonmania.GoalTest" time="0.002"/>
  <testcase name="testBoulderMap()" classname="dungeonmania.GoalTest" time="0.031"/>
  <testcase name="testTreasure()" classname="dungeonmania.GoalTest" time="0.006"/>
  <system-out><![CDATA[Position [x=3, y=1, z=0]
Position [x=5, y=1, z=0]
Position [x=0, y=0, z=0]
]]></system-out>
  <system-err><![CDATA[]]></system-err>
</testsuite>
