<?xml version="1.0" encoding="UTF-8"?>
<testsuite name="dungeonmania.MiscTest" tests="1" skipped="0" failures="0" errors="0" timestamp="2021-11-12T08:42:13" hostname="DESKTOP-6SB42GV" time="0.002">
  <properties/>
  <testcase name="testDungeons()" classname="dungeonmania.MiscTest" time="0.002"/>
  <system-out><![CDATA[]]></system-out>
  <system-err><![CDATA[]]></system-err>
</testsuite>
