<?xml version="1.0" encoding="UTF-8"?>
<testsuite name="dungeonmania.ControllerTest" tests="8" skipped="0" failures="0" errors="0" timestamp="2021-11-12T08:42:06" hostname="DESKTOP-6SB42GV" time="0.179">
  <properties/>
  <testcase name="testBuild()" classname="dungeonmania.ControllerTest" time="0.03"/>
  <testcase name="TestSaveLoad()" classname="dungeonmania.ControllerTest" time="0.041"/>
  <testcase name="TestNewGame()" classname="dungeonmania.ControllerTest" time="0.003"/>
  <testcase name="testItem()" classname="dungeonmania.ControllerTest" time="0.007"/>
  <testcase name="TestBomb()" classname="dungeonmania.ControllerTest" time="0.014"/>
  <testcase name="TestTick()" classname="dungeonmania.ControllerTest" time="0.004"/>
  <testcase name="TestMercenaryInteractAndThrowingErrors()" classname="dungeonmania.ControllerTest" time="0.059"/>
  <testcase name="testZombieSpawn()" classname="dungeonmania.ControllerTest" time="0.016"/>
  <system-out><![CDATA[]]></system-out>
  <system-err><![CDATA[]]></system-err>
</testsuite>
